0 info it worked if it ends with ok
1 verbose cli [ 'node', '/usr/local/bin/npm', 'install', '-g', 'bower' ]
2 info using npm@1.4.21
3 info using node@v0.10.30
4 verbose cache add [ 'bower', null ]
5 verbose cache add name=undefined spec="bower" args=["bower",null]
6 verbose parsed url { protocol: null,
6 verbose parsed url   slashes: null,
6 verbose parsed url   auth: null,
6 verbose parsed url   host: null,
6 verbose parsed url   port: null,
6 verbose parsed url   hostname: null,
6 verbose parsed url   hash: null,
6 verbose parsed url   search: null,
6 verbose parsed url   query: null,
6 verbose parsed url   pathname: 'bower',
6 verbose parsed url   path: 'bower',
6 verbose parsed url   href: 'bower' }
7 silly lockFile 206e3ce5-bower bower
8 verbose lock bower /Users/nikeshashar/.npm/206e3ce5-bower.lock
9 silly lockFile 206e3ce5-bower bower
10 silly lockFile 206e3ce5-bower bower
11 verbose addNamed [ 'bower', '' ]
12 verbose addNamed [ null, '*' ]
13 silly lockFile 1240aab1-bower bower@
14 verbose lock bower@ /Users/nikeshashar/.npm/1240aab1-bower.lock
15 silly addNameRange { name: 'bower', range: '*', hasData: false }
16 verbose request where is /bower
17 verbose request registry https://registry.npmjs.org/
18 verbose request id f782d3f9e5fbb5e4
19 verbose url raw /bower
20 verbose url resolving [ 'https://registry.npmjs.org/', './bower' ]
21 verbose url resolved https://registry.npmjs.org/bower
22 verbose request where is https://registry.npmjs.org/bower
23 info trying registry request attempt 1 at 20:16:59
24 http GET https://registry.npmjs.org/bower
25 http 200 https://registry.npmjs.org/bower
26 silly registry.get cb [ 200,
26 silly registry.get   { date: 'Mon, 18 Aug 2014 19:17:00 GMT',
26 silly registry.get     server: 'CouchDB/1.5.0 (Erlang OTP/R16B03)',
26 silly registry.get     etag: '"3O48P1JVAEJTUTBN4RX6BV3YG"',
26 silly registry.get     'content-type': 'application/json',
26 silly registry.get     'cache-control': 'max-age=60',
26 silly registry.get     'content-length': '98638',
26 silly registry.get     'accept-ranges': 'bytes',
26 silly registry.get     via: '1.1 varnish',
26 silly registry.get     age: '951',
26 silly registry.get     'x-served-by': 'cache-ams4131-AMS',
26 silly registry.get     'x-cache': 'HIT',
26 silly registry.get     'x-cache-hits': '1',
26 silly registry.get     'x-timer': 'S1408389420.314941,VS0,VE0',
26 silly registry.get     vary: 'Accept',
26 silly registry.get     'keep-alive': 'timeout=10, max=50',
26 silly registry.get     connection: 'Keep-Alive' } ]
27 silly addNameRange number 2 { name: 'bower', range: '*', hasData: true }
28 silly addNameRange versions [ 'bower',
28 silly addNameRange   [ '0.1.0',
28 silly addNameRange     '0.1.2',
28 silly addNameRange     '0.1.3',
28 silly addNameRange     '0.2.0',
28 silly addNameRange     '0.3.0',
28 silly addNameRange     '0.3.1',
28 silly addNameRange     '0.3.2',
28 silly addNameRange     '0.4.0',
28 silly addNameRange     '0.5.0',
28 silly addNameRange     '0.5.1',
28 silly addNameRange     '0.6.0',
28 silly addNameRange     '0.6.1',
28 silly addNameRange     '0.6.2',
28 silly addNameRange     '0.6.3',
28 silly addNameRange     '0.6.4',
28 silly addNameRange     '0.6.5',
28 silly addNameRange     '0.6.6',
28 silly addNameRange     '0.6.7',
28 silly addNameRange     '0.6.8',
28 silly addNameRange     '0.7.0',
28 silly addNameRange     '0.7.1',
28 silly addNameRange     '0.8.0',
28 silly addNameRange     '0.8.1',
28 silly addNameRange     '0.8.2',
28 silly addNameRange     '0.8.3',
28 silly addNameRange     '0.8.4',
28 silly addNameRange     '0.8.5',
28 silly addNameRange     '0.8.6',
28 silly addNameRange     '0.9.0',
28 silly addNameRange     '0.9.1',
28 silly addNameRange     '0.9.2',
28 silly addNameRange     '0.10.0',
28 silly addNameRange     '1.0.0',
28 silly addNameRange     '1.0.1',
28 silly addNameRange     '1.0.2',
28 silly addNameRange     '1.0.3',
28 silly addNameRange     '1.1.0',
28 silly addNameRange     '1.1.1',
28 silly addNameRange     '1.1.2',
28 silly addNameRange     '1.2.0',
28 silly addNameRange     '1.2.1',
28 silly addNameRange     '1.2.2',
28 silly addNameRange     '1.2.3',
28 silly addNameRange     '1.2.4',
28 silly addNameRange     '1.2.5',
28 silly addNameRange     '1.2.6',
28 silly addNameRange     '1.2.7',
28 silly addNameRange     '1.2.8',
28 silly addNameRange     '1.3.0',
28 silly addNameRange     '1.3.1',
28 silly addNameRange     '1.3.2',
28 silly addNameRange     '1.3.3',
28 silly addNameRange     '1.3.4',
28 silly addNameRange     '1.3.5',
28 silly addNameRange     '1.3.6',
28 silly addNameRange     '1.3.7',
28 silly addNameRange     '1.3.8',
28 silly addNameRange     '1.3.9' ] ]
29 verbose addNamed [ 'bower', '1.3.9' ]
30 verbose addNamed [ '1.3.9', '1.3.9' ]
31 silly lockFile 4c0b32f5-bower-1-3-9 bower@1.3.9
32 verbose lock bower@1.3.9 /Users/nikeshashar/.npm/4c0b32f5-bower-1-3-9.lock
33 silly lockFile e985d5e5--npmjs-org-bower-bower-1-3-9-tgz https://registry.npmjs.org/bower/-/bower-1.3.9.tgz
34 verbose lock https://registry.npmjs.org/bower/-/bower-1.3.9.tgz /Users/nikeshashar/.npm/e985d5e5--npmjs-org-bower-bower-1-3-9-tgz.lock
35 verbose addRemoteTarball [ 'https://registry.npmjs.org/bower/-/bower-1.3.9.tgz',
35 verbose addRemoteTarball   '786d4addfc523e875089ccc1ef8d5a6d6e91a2c6' ]
36 info retry fetch attempt 1 at 20:16:59
37 verbose fetch to= /var/folders/5_/my7ywnz97rd32txv74474hjc0000gn/T/npm-71889-NCzqJCgJ/registry.npmjs.org/bower/-/bower-1.3.9.tgz
38 http GET https://registry.npmjs.org/bower/-/bower-1.3.9.tgz
39 http 200 https://registry.npmjs.org/bower/-/bower-1.3.9.tgz
40 silly lockFile e985d5e5--npmjs-org-bower-bower-1-3-9-tgz https://registry.npmjs.org/bower/-/bower-1.3.9.tgz
41 silly lockFile e985d5e5--npmjs-org-bower-bower-1-3-9-tgz https://registry.npmjs.org/bower/-/bower-1.3.9.tgz
42 silly lockFile 4c0b32f5-bower-1-3-9 bower@1.3.9
43 silly lockFile 4c0b32f5-bower-1-3-9 bower@1.3.9
44 silly lockFile 1240aab1-bower bower@
45 silly lockFile 1240aab1-bower bower@
46 silly resolved [ { name: 'bower',
46 silly resolved     version: '1.3.9',
46 silly resolved     description: 'The browser package manager',
46 silly resolved     author: { name: 'Twitter' },
46 silly resolved     licenses: [ [Object] ],
46 silly resolved     repository: { type: 'git', url: 'git://github.com/bower/bower' },
46 silly resolved     main: 'lib',
46 silly resolved     homepage: 'http://bower.io',
46 silly resolved     engines: { node: '>=0.10.0' },
46 silly resolved     dependencies:
46 silly resolved      { abbrev: '~1.0.4',
46 silly resolved        archy: '0.0.2',
46 silly resolved        'bower-config': '~0.5.2',
46 silly resolved        'bower-endpoint-parser': '~0.2.2',
46 silly resolved        'bower-json': '~0.4.0',
46 silly resolved        'bower-logger': '~0.2.2',
46 silly resolved        'bower-registry-client': '~0.2.0',
46 silly resolved        cardinal: '~0.4.0',
46 silly resolved        chalk: '~0.5.0',
46 silly resolved        chmodr: '~0.1.0',
46 silly resolved        'decompress-zip': '0.0.6',
46 silly resolved        fstream: '~0.1.22',
46 silly resolved        'fstream-ignore': '0.0.6',
46 silly resolved        glob: '~4.0.2',
46 silly resolved        'graceful-fs': '~3.0.1',
46 silly resolved        handlebars: '~1.3.0',
46 silly resolved        inquirer: '~0.5.1',
46 silly resolved        insight: '~0.4.1',
46 silly resolved        'is-root': '~0.1.0',
46 silly resolved        junk: '~0.3.0',
46 silly resolved        lockfile: '~0.4.2',
46 silly resolved        'lru-cache': '~2.5.0',
46 silly resolved        mkdirp: '~0.5.0',
46 silly resolved        mout: '~0.9.1',
46 silly resolved        nopt: '~3.0.0',
46 silly resolved        opn: '~0.1.1',
46 silly resolved        osenv: '~0.1.0',
46 silly resolved        'p-throttler': '0.0.1',
46 silly resolved        promptly: '~0.2.0',
46 silly resolved        q: '~1.0.1',
46 silly resolved        request: '~2.36.0',
46 silly resolved        'request-progress': '~0.3.0',
46 silly resolved        retry: '~0.6.0',
46 silly resolved        rimraf: '~2.2.0',
46 silly resolved        semver: '~2.3.0',
46 silly resolved        'shell-quote': '~1.4.1',
46 silly resolved        'stringify-object': '~0.2.0',
46 silly resolved        tar: '~0.1.17',
46 silly resolved        tmp: '0.0.23',
46 silly resolved        'update-notifier': '~0.2.0',
46 silly resolved        which: '~1.0.5' },
46 silly resolved     devDependencies:
46 silly resolved      { coveralls: '~2.11.0',
46 silly resolved        'expect.js': '~0.3.1',
46 silly resolved        grunt: '~0.4.4',
46 silly resolved        'grunt-contrib-jshint': '~0.10.0',
46 silly resolved        'grunt-contrib-watch': '~0.6.1',
46 silly resolved        'grunt-exec': '~0.4.2',
46 silly resolved        'grunt-simple-mocha': '~0.4.0',
46 silly resolved        istanbul: '~0.2.4',
46 silly resolved        'load-grunt-tasks': '~0.6.0',
46 silly resolved        mocha: '~1.20.1',
46 silly resolved        nock: '~0.41.0',
46 silly resolved        'node-uuid': '~1.4.1',
46 silly resolved        proxyquire: '~1.0.1' },
46 silly resolved     scripts: { test: 'grunt test' },
46 silly resolved     bin: { bower: 'bin/bower' },
46 silly resolved     preferGlobal: true,
46 silly resolved     gitHead: 'a069d1e07d46b81c5a69e391506028f9b076b39d',
46 silly resolved     bugs: { url: 'https://github.com/bower/bower/issues' },
46 silly resolved     _id: 'bower@1.3.9',
46 silly resolved     _shasum: '786d4addfc523e875089ccc1ef8d5a6d6e91a2c6',
46 silly resolved     _from: 'bower@',
46 silly resolved     _npmVersion: '1.4.14',
46 silly resolved     _npmUser: { name: 'sindresorhus', email: 'sindresorhus@gmail.com' },
46 silly resolved     maintainers: [ [Object], [Object], [Object], [Object], [Object], [Object] ],
46 silly resolved     dist:
46 silly resolved      { shasum: '786d4addfc523e875089ccc1ef8d5a6d6e91a2c6',
46 silly resolved        tarball: 'http://registry.npmjs.org/bower/-/bower-1.3.9.tgz' },
46 silly resolved     directories: {},
46 silly resolved     _resolved: 'https://registry.npmjs.org/bower/-/bower-1.3.9.tgz' } ]
47 info install bower@1.3.9 into /usr/local/lib
48 info installOne bower@1.3.9
49 verbose lib/node_modules/bower unbuild
50 verbose tar unpack /Users/nikeshashar/.npm/bower/1.3.9/package.tgz
51 silly lockFile 1396471b-usr-local-lib-node-modules-bower tar:///usr/local/lib/node_modules/bower
52 verbose lock tar:///usr/local/lib/node_modules/bower /Users/nikeshashar/.npm/1396471b-usr-local-lib-node-modules-bower.lock
53 silly lockFile f0ba9f64-shar-npm-bower-1-3-9-package-tgz tar:///Users/nikeshashar/.npm/bower/1.3.9/package.tgz
54 verbose lock tar:///Users/nikeshashar/.npm/bower/1.3.9/package.tgz /Users/nikeshashar/.npm/f0ba9f64-shar-npm-bower-1-3-9-package-tgz.lock
55 silly gunzTarPerm modes [ '755', '644' ]
56 error Error: EACCES, mkdir '/usr/local/lib/node_modules/bower'
56 error  { [Error: EACCES, mkdir '/usr/local/lib/node_modules/bower']
56 error   errno: 3,
56 error   code: 'EACCES',
56 error   path: '/usr/local/lib/node_modules/bower',
56 error   fstream_type: 'Directory',
56 error   fstream_path: '/usr/local/lib/node_modules/bower',
56 error   fstream_class: 'DirWriter',
56 error   fstream_stack:
56 error    [ '/usr/local/lib/node_modules/npm/node_modules/fstream/lib/dir-writer.js:36:23',
56 error      '/usr/local/lib/node_modules/npm/node_modules/mkdirp/index.js:37:53',
56 error      'Object.oncomplete (fs.js:107:15)' ] }
57 error Please try running this command again as root/Administrator.
58 error System Darwin 13.3.0
59 error command "node" "/usr/local/bin/npm" "install" "-g" "bower"
60 error cwd /Users/nikeshashar/Documents/Makers/Yelp
61 error node -v v0.10.30
62 error npm -v 1.4.21
63 error path /usr/local/lib/node_modules/bower
64 error fstream_path /usr/local/lib/node_modules/bower
65 error fstream_type Directory
66 error fstream_class DirWriter
67 error code EACCES
68 error errno 3
69 error stack Error: EACCES, mkdir '/usr/local/lib/node_modules/bower'
70 error fstream_stack /usr/local/lib/node_modules/npm/node_modules/fstream/lib/dir-writer.js:36:23
70 error fstream_stack /usr/local/lib/node_modules/npm/node_modules/mkdirp/index.js:37:53
70 error fstream_stack Object.oncomplete (fs.js:107:15)
71 verbose exit [ 3, true ]
